<?xml version="1.0" encoding="UTF-8"?>
<!-- Generated by org.testng.reporters.JUnitReportReporter -->
<testsuite skipped="1" hostname="SD" name="RestApiClient" tests="3" failures="0" timestamp="29 Jul 2018 07:02:37 GMT" time="3.973" errors="0">
  <testcase name="registerCountry" time="3.795" classname="RestApiClient"/>
  <testcase name="getCountries" time="0.178" classname="RestApiClient"/>
  <testcase name="getCountryById" classname="RestApiClient">
    <skipped/>
  </testcase> <!-- getCountryById -->
</testsuite> <!-- RestApiClient -->
