<?xml version="1.0" encoding="UTF-8"?>
<!-- Generated by org.testng.reporters.JUnitReportReporter -->
<testsuite skipped="3" hostname="SD" name="apiTestScript.RestApiClientTest" tests="5" failures="0" timestamp="31 Jul 2018 07:21:16 GMT" time="2.853" errors="0">
  <testcase name="modifyCountry" time="0.379" classname="apiTestScript.RestApiClientTest"/>
  <testcase name="getCountries" time="2.474" classname="apiTestScript.RestApiClientTest"/>
  <testcase name="registerCountry" classname="apiTestScript.RestApiClientTest">
    <skipped/>
  </testcase> <!-- registerCountry -->
  <testcase name="removeCountry" classname="apiTestScript.RestApiClientTest">
    <skipped/>
  </testcase> <!-- removeCountry -->
  <testcase name="getCountryById" classname="apiTestScript.RestApiClientTest">
    <skipped/>
  </testcase> <!-- getCountryById -->
</testsuite> <!-- apiTestScript.RestApiClientTest -->
