<?xml version="1.0" encoding="UTF-8"?>
<!-- Generated by org.testng.reporters.JUnitReportReporter -->
<testsuite skipped="1" hostname="SD" name="apiTestScript.RestApiClientTest" tests="3" failures="0" timestamp="29 Jul 2018 12:33:11 GMT" time="2.350" errors="0">
  <testcase name="getCountryById" time="0.056" classname="apiTestScript.RestApiClientTest"/>
  <testcase name="getCountries" time="2.294" classname="apiTestScript.RestApiClientTest"/>
  <testcase name="registerCountry" classname="apiTestScript.RestApiClientTest">
    <skipped/>
  </testcase> <!-- registerCountry -->
</testsuite> <!-- apiTestScript.RestApiClientTest -->
